{"level":"info","message":"Starting botpress version 1.1.13","timestamp":"2018-03-22T20:17:13.132Z"}
{"level":"verbose","message":"[UMM] Enabled for web","timestamp":"2018-03-22T20:17:13.685Z"}
{"level":"info","message":"Loaded botpress-web, version 1.2.3","timestamp":"2018-03-22T20:17:13.686Z"}
{"level":"info","message":"Loaded 1 modules","timestamp":"2018-03-22T20:17:13.688Z"}
{"level":"debug","message":"Loading middleware: UMM.instrumentation","timestamp":"2018-03-22T20:17:13.739Z"}
{"level":"debug","message":"Loading middleware: hear","timestamp":"2018-03-22T20:17:13.741Z"}
{"level":"debug","message":"Loading middleware: conversations","timestamp":"2018-03-22T20:17:13.742Z"}
{"level":"debug","message":"Loading middleware: web.sendMessages","timestamp":"2018-03-22T20:17:13.742Z"}
{"level":"debug","message":"Loading middleware: fallback","timestamp":"2018-03-22T20:17:13.743Z"}
{"level":"info","message":"\u001b[32m\u001b[1mBot launched. Visit: http://localhost:3000\u001b[22m\u001b[39m","timestamp":"2018-03-22T20:17:13.785Z"}
{"level":"info","message":"Installing modules: botpress-slack","timestamp":"2018-03-22T20:39:08.905Z"}
{"level":"error","message":"npm","timestamp":"2018-03-22T20:39:18.822Z"}
{"level":"error","message":" WARN deprecated node-uuid@1.4.8: Use uuid module instead\n","timestamp":"2018-03-22T20:39:18.829Z"}
{"level":"info","message":"my-bot@0.0.1 /Users/mac/Desktop/Perso/Projects/experiment/botpress/my-bot\n└─┬ botpress-slack@1.0.23 \n  └─┬ @slack/client@3.16.0 \n    ├── async@1.5.2 \n    ├── eventemitter3@1.2.0 \n    ├─┬ https-proxy-agent@1.0.0 \n    │ └─┬ agent-base@2.1.1 \n    │   └── semver@5.0.3 \n    ├─┬ request@2.76.0 \n    │ ├── aws-sign2@0.6.0 \n    │ ├── caseless@0.11.0 \n    │ ├── form-data@2.1.4 \n    │ ├─┬ har-validator@2.0.6 \n    │ │ ├─┬ is-my-json-valid@2.17.2 \n    │ │ │ ├── generate-function@2.0.0 \n    │ │ │ ├─┬ generate-object-property@1.2.0 \n    │ │ │ │ └── is-property@1.0.2 \n    │ │ │ ├── is-my-ip-valid@1.0.0 \n    │ │ │ └── jsonpointer@4.0.1 \n    │ │ └─┬ pinkie-promise@2.0.1 \n    │ │   └── pinkie@2.0.4 \n    │ ├─┬ hawk@3.1.3 \n    │ │ ├── boom@2.10.1 \n    │ │ ├── cryptiles@2.0.5 \n    │ │ ├── hoek@2.16.3 \n    │ │ └── sntp@1.0.9 \n    │ ├─┬ http-signature@1.1.1 \n    │ │ └── assert-plus@0.2.0 \n    │ ├── node-uuid@1.4.8 \n    │ ├── qs@6.3.2 \n    │ └── tunnel-agent@0.4.3 \n    ├── retry@0.9.0 \n    └── url-join@0.0.1 \n\n","timestamp":"2018-03-22T20:39:25.370Z"}
{"level":"error","message":"npm","timestamp":"2018-03-22T20:39:25.371Z"}
{"level":"error","message":" WARN react-audio-player@0.5.0 requires a peer of react@15.x but none was installed.\nnpm WARN react-audio-player@0.5.0 requires a peer of react-dom@15.x but none was installed.\nnpm WARN react-codemirror@1.0.0 requires a peer of react@>=15.5 <16 but none was installed.\n","timestamp":"2018-03-22T20:39:25.371Z"}
{"level":"error","message":"npm WARN react-codemirror@1.0.0 requires a peer of react-dom@>=15.5 <16 but none was installed.\nnpm WARN react-jsonschema-form@0.49.0 requires a peer of react@^15.0.0 but none was installed.\n","timestamp":"2018-03-22T20:39:25.371Z"}
{"level":"error","message":"npm WARN react-player@0.18.0 requires a peer of react@* but none was installed.\nnpm WARN my-bot@0.0.1 No repository field.\nnpm WARN my-bot@0.0.1 license should be a valid SPDX license expression\n","timestamp":"2018-03-22T20:39:25.372Z"}
{"level":"info","message":"Starting botpress version 1.1.13","timestamp":"2018-03-22T20:39:28.192Z"}
{"level":"verbose","message":"[UMM] Enabled for facebook","timestamp":"2018-03-22T20:39:28.547Z"}
{"level":"info","message":"Loaded botpress-messenger, version 2.2.11","timestamp":"2018-03-22T20:39:28.547Z"}
{"level":"verbose","message":"[UMM] Enabled for slack","timestamp":"2018-03-22T20:39:28.673Z"}
{"level":"info","message":"Loaded botpress-slack, version 1.0.23","timestamp":"2018-03-22T20:39:28.674Z"}
{"level":"verbose","message":"[UMM] Enabled for web","timestamp":"2018-03-22T20:39:28.677Z"}
{"level":"info","message":"Loaded botpress-web, version 1.2.3","timestamp":"2018-03-22T20:39:28.678Z"}
{"level":"info","message":"Loaded 3 modules","timestamp":"2018-03-22T20:39:28.678Z"}
{"level":"debug","message":"Loading middleware: UMM.instrumentation","timestamp":"2018-03-22T20:39:28.697Z"}
{"level":"debug","message":"Loading middleware: hear","timestamp":"2018-03-22T20:39:28.697Z"}
{"level":"debug","message":"Loading middleware: conversations","timestamp":"2018-03-22T20:39:28.698Z"}
{"level":"debug","message":"Loading middleware: messenger.sendMessages","timestamp":"2018-03-22T20:39:28.698Z"}
{"level":"debug","message":"Loading middleware: slack.sendMessages","timestamp":"2018-03-22T20:39:28.699Z"}
{"level":"debug","message":"Loading middleware: web.sendMessages","timestamp":"2018-03-22T20:39:28.699Z"}
{"level":"debug","message":"Loading middleware: fallback","timestamp":"2018-03-22T20:39:28.699Z"}
{"level":"info","message":"\u001b[32m\u001b[1mBot launched. Visit: http://localhost:3000\u001b[22m\u001b[39m","timestamp":"2018-03-22T20:39:28.729Z"}
{"level":"info","message":"[notification::botpress] botpress-messenger.config.yml has been created, fill it","timestamp":"2018-03-22T20:39:28.732Z"}
{"level":"warn","message":"[botpress-messenger] Configuration is incomplete, applicationID needs to be defined. See \"./botpress-messenger.config.yml\".","timestamp":"2018-03-22T20:39:28.751Z"}
{"level":"warn","message":"[botpress-messenger] Configuration is incomplete, accessToken needs to be defined. See \"./botpress-messenger.config.yml\".","timestamp":"2018-03-22T20:39:28.751Z"}
{"level":"warn","message":"[botpress-messenger] Configuration is incomplete, appSecret needs to be defined. See \"./botpress-messenger.config.yml\".","timestamp":"2018-03-22T20:39:28.752Z"}
{"level":"warn","message":"[botpress-messenger] Configuration is incomplete, hostname needs to be defined. See \"./botpress-messenger.config.yml\".","timestamp":"2018-03-22T20:39:28.752Z"}
{"level":"error","message":"[notification::botpress] Error updating Messenger App. Please see logs for details.","timestamp":"2018-03-22T20:39:28.759Z"}
{"level":"info","message":"Starting botpress version 1.1.13","timestamp":"2018-03-23T11:25:57.862Z"}
{"level":"verbose","message":"[UMM] Enabled for facebook","timestamp":"2018-03-23T11:25:58.513Z"}
{"level":"info","message":"Loaded botpress-messenger, version 2.2.11","timestamp":"2018-03-23T11:25:58.514Z"}
{"level":"verbose","message":"[UMM] Enabled for slack","timestamp":"2018-03-23T11:25:58.726Z"}
{"level":"info","message":"Loaded botpress-slack, version 1.0.23","timestamp":"2018-03-23T11:25:58.726Z"}
{"level":"verbose","message":"[UMM] Enabled for web","timestamp":"2018-03-23T11:25:58.730Z"}
{"level":"info","message":"Loaded botpress-web, version 1.2.3","timestamp":"2018-03-23T11:25:58.730Z"}
{"level":"info","message":"Loaded 3 modules","timestamp":"2018-03-23T11:25:58.731Z"}
{"level":"debug","message":"Loading middleware: UMM.instrumentation","timestamp":"2018-03-23T11:25:58.753Z"}
{"level":"debug","message":"Loading middleware: hear","timestamp":"2018-03-23T11:25:58.754Z"}
{"level":"debug","message":"Loading middleware: conversations","timestamp":"2018-03-23T11:25:58.754Z"}
{"level":"debug","message":"Loading middleware: messenger.sendMessages","timestamp":"2018-03-23T11:25:58.755Z"}
{"level":"debug","message":"Loading middleware: slack.sendMessages","timestamp":"2018-03-23T11:25:58.756Z"}
{"level":"debug","message":"Loading middleware: web.sendMessages","timestamp":"2018-03-23T11:25:58.756Z"}
{"level":"debug","message":"Loading middleware: fallback","timestamp":"2018-03-23T11:25:58.756Z"}
{"level":"info","message":"\u001b[32m\u001b[1mBot launched. Visit: http://localhost:3000\u001b[22m\u001b[39m","timestamp":"2018-03-23T11:25:58.798Z"}
{"level":"warn","message":"[botpress-messenger] Configuration is incomplete, applicationID needs to be defined. See \"./botpress-messenger.config.yml\".","timestamp":"2018-03-23T11:25:58.822Z"}
{"level":"warn","message":"[botpress-messenger] Configuration is incomplete, accessToken needs to be defined. See \"./botpress-messenger.config.yml\".","timestamp":"2018-03-23T11:25:58.823Z"}
{"level":"warn","message":"[botpress-messenger] Configuration is incomplete, appSecret needs to be defined. See \"./botpress-messenger.config.yml\".","timestamp":"2018-03-23T11:25:58.823Z"}
{"level":"warn","message":"[botpress-messenger] Configuration is incomplete, hostname needs to be defined. See \"./botpress-messenger.config.yml\".","timestamp":"2018-03-23T11:25:58.824Z"}
{"level":"error","message":"[notification::botpress] Error updating Messenger App. Please see logs for details.","timestamp":"2018-03-23T11:25:58.844Z"}
